[2026-04-19T16:00:15.189+0000] {manager.py:470} INFO - Processing files using up to 2 processes at a time 
[2026-04-19T16:00:15.190+0000] {manager.py:471} INFO - Process each file at most once every 30 seconds
[2026-04-19T16:00:15.190+0000] {manager.py:472} INFO - Checking for new files in /opt/airflow/dags every 300 seconds
[2026-04-19T16:00:15.190+0000] {manager.py:737} INFO - Searching for files in /opt/airflow/dags
[2026-04-19T16:00:15.191+0000] {manager.py:740} INFO - There are 1 files in /opt/airflow/dags
[2026-04-19T16:00:15.388+0000] {manager.py:878} INFO - 
================================================================================
DAG File Processing Stats

File Path                           PID  Runtime      # DAGs    # Errors  Last Runtime    Last Run
--------------------------------  -----  ---------  --------  ----------  --------------  ----------
/opt/airflow/dags/orchestrate.py    168  0.06s             0           0
================================================================================
[2026-04-19T16:00:45.474+0000] {manager.py:878} INFO - 
================================================================================
DAG File Processing Stats

File Path                         PID    Runtime      # DAGs    # Errors  Last Runtime    Last Run
--------------------------------  -----  ---------  --------  ----------  --------------  -------------------
/opt/airflow/dags/orchestrate.py                           1           0  1.24s           2026-04-19T16:00:16
================================================================================
[2026-04-19T16:01:15.715+0000] {manager.py:878} INFO - 
================================================================================
DAG File Processing Stats

File Path                         PID    Runtime      # DAGs    # Errors  Last Runtime    Last Run
--------------------------------  -----  ---------  --------  ----------  --------------  -------------------
/opt/airflow/dags/orchestrate.py                           1           0  0.09s           2026-04-19T16:00:46
================================================================================
[2026-04-19T16:01:45.865+0000] {manager.py:878} INFO - 
================================================================================
DAG File Processing Stats

File Path                         PID    Runtime      # DAGs    # Errors  Last Runtime    Last Run
--------------------------------  -----  ---------  --------  ----------  --------------  -------------------
/opt/airflow/dags/orchestrate.py                           1           0  0.08s           2026-04-19T16:01:16
================================================================================
[2026-04-19T16:02:16.016+0000] {manager.py:878} INFO - 
================================================================================
DAG File Processing Stats

File Path                         PID    Runtime      # DAGs    # Errors  Last Runtime    Last Run
--------------------------------  -----  ---------  --------  ----------  --------------  -------------------
/opt/airflow/dags/orchestrate.py                           1           0  0.09s           2026-04-19T16:01:47
================================================================================
[2026-04-19T16:02:46.178+0000] {manager.py:878} INFO - 
================================================================================
DAG File Processing Stats

File Path                         PID    Runtime      # DAGs    # Errors  Last Runtime    Last Run
--------------------------------  -----  ---------  --------  ----------  --------------  -------------------
/opt/airflow/dags/orchestrate.py                           1           0  0.09s           2026-04-19T16:02:17
================================================================================
[2026-04-19T16:03:16.319+0000] {manager.py:878} INFO - 
================================================================================
DAG File Processing Stats

File Path                         PID    Runtime      # DAGs    # Errors  Last Runtime    Last Run
--------------------------------  -----  ---------  --------  ----------  --------------  -------------------
/opt/airflow/dags/orchestrate.py                           1           0  0.08s           2026-04-19T16:02:47
================================================================================
[2026-04-19T16:03:46.412+0000] {manager.py:878} INFO - 
================================================================================
DAG File Processing Stats

File Path                         PID    Runtime      # DAGs    # Errors  Last Runtime    Last Run
--------------------------------  -----  ---------  --------  ----------  --------------  -------------------
/opt/airflow/dags/orchestrate.py                           1           0  0.08s           2026-04-19T16:03:17
================================================================================
[2026-04-19T16:04:16.535+0000] {manager.py:878} INFO - 
================================================================================
DAG File Processing Stats

File Path                         PID    Runtime      # DAGs    # Errors  Last Runtime    Last Run
--------------------------------  -----  ---------  --------  ----------  --------------  -------------------
/opt/airflow/dags/orchestrate.py                           1           0  0.19s           2026-04-19T16:03:47
================================================================================
[2026-04-19T16:04:46.745+0000] {manager.py:878} INFO - 
================================================================================
DAG File Processing Stats

File Path                         PID    Runtime      # DAGs    # Errors  Last Runtime    Last Run
--------------------------------  -----  ---------  --------  ----------  --------------  -------------------
/opt/airflow/dags/orchestrate.py                           1           0  0.09s           2026-04-19T16:04:17
================================================================================
[2026-04-19T16:05:08.440+0000] {manager.py:452} INFO - Exiting gracefully upon receiving signal 15
[2026-04-19T16:05:39.541+0000] {manager.py:470} INFO - Processing files using up to 2 processes at a time 
[2026-04-19T16:05:39.554+0000] {manager.py:471} INFO - Process each file at most once every 30 seconds
[2026-04-19T16:05:39.554+0000] {manager.py:472} INFO - Checking for new files in /opt/airflow/dags every 300 seconds
[2026-04-19T16:05:39.554+0000] {manager.py:737} INFO - Searching for files in /opt/airflow/dags
[2026-04-19T16:05:39.555+0000] {manager.py:740} INFO - There are 1 files in /opt/airflow/dags
[2026-04-19T16:05:39.660+0000] {manager.py:878} INFO - 
================================================================================
DAG File Processing Stats

File Path                           PID  Runtime      # DAGs    # Errors  Last Runtime    Last Run
--------------------------------  -----  ---------  --------  ----------  --------------  ----------
/opt/airflow/dags/orchestrate.py    168  0.03s             0           0
================================================================================
[2026-04-19T16:06:09.744+0000] {manager.py:878} INFO - 
================================================================================
DAG File Processing Stats

File Path                         PID    Runtime      # DAGs    # Errors  Last Runtime    Last Run
--------------------------------  -----  ---------  --------  ----------  --------------  -------------------
/opt/airflow/dags/orchestrate.py                           1           0  0.22s           2026-04-19T16:05:39
================================================================================
[2026-04-19T16:06:39.995+0000] {manager.py:878} INFO - 
================================================================================
DAG File Processing Stats

File Path                         PID    Runtime      # DAGs    # Errors  Last Runtime    Last Run
--------------------------------  -----  ---------  --------  ----------  --------------  -------------------
/opt/airflow/dags/orchestrate.py                           1           0  0.35s           2026-04-19T16:06:10
================================================================================
[2026-04-19T16:07:10.446+0000] {manager.py:878} INFO - 
================================================================================
DAG File Processing Stats

File Path                           PID  Runtime      # DAGs    # Errors  Last Runtime    Last Run
--------------------------------  -----  ---------  --------  ----------  --------------  -------------------
/opt/airflow/dags/orchestrate.py    200  0.01s             1           0  0.08s           2026-04-19T16:06:40
================================================================================
[2026-04-19T16:07:39.752+0000] {manager.py:452} INFO - Exiting gracefully upon receiving signal 15
[2026-04-19T16:07:59.791+0000] {manager.py:470} INFO - Processing files using up to 2 processes at a time 
[2026-04-19T16:07:59.791+0000] {manager.py:471} INFO - Process each file at most once every 30 seconds
[2026-04-19T16:07:59.791+0000] {manager.py:472} INFO - Checking for new files in /opt/airflow/dags every 300 seconds
[2026-04-19T16:07:59.792+0000] {manager.py:737} INFO - Searching for files in /opt/airflow/dags
[2026-04-19T16:07:59.793+0000] {manager.py:740} INFO - There are 1 files in /opt/airflow/dags
[2026-04-19T16:07:59.866+0000] {manager.py:878} INFO - 
================================================================================
DAG File Processing Stats

File Path                           PID  Runtime      # DAGs    # Errors  Last Runtime    Last Run
--------------------------------  -----  ---------  --------  ----------  --------------  ----------
/opt/airflow/dags/orchestrate.py    168  0.03s             0           0
================================================================================
[2026-04-19T16:08:29.934+0000] {manager.py:878} INFO - 
================================================================================
DAG File Processing Stats

File Path                         PID    Runtime      # DAGs    # Errors  Last Runtime    Last Run
--------------------------------  -----  ---------  --------  ----------  --------------  -------------------
/opt/airflow/dags/orchestrate.py                           1           0  0.11s           2026-04-19T16:07:59
================================================================================
[2026-04-19T16:09:00.077+0000] {manager.py:878} INFO - 
================================================================================
DAG File Processing Stats

File Path                         PID    Runtime      # DAGs    # Errors  Last Runtime    Last Run
--------------------------------  -----  ---------  --------  ----------  --------------  -------------------
/opt/airflow/dags/orchestrate.py                           1           0  1.05s           2026-04-19T16:08:31
================================================================================
[2026-04-19T16:09:30.173+0000] {manager.py:878} INFO - 
================================================================================
DAG File Processing Stats

File Path                         PID    Runtime      # DAGs    # Errors  Last Runtime    Last Run
--------------------------------  -----  ---------  --------  ----------  --------------  -------------------
/opt/airflow/dags/orchestrate.py                           1           0  0.08s           2026-04-19T16:09:01
================================================================================
[2026-04-19T16:10:00.301+0000] {manager.py:878} INFO - 
================================================================================
DAG File Processing Stats

File Path                         PID    Runtime      # DAGs    # Errors  Last Runtime    Last Run
--------------------------------  -----  ---------  --------  ----------  --------------  -------------------
/opt/airflow/dags/orchestrate.py                           1           0  0.09s           2026-04-19T16:09:31
================================================================================
[2026-04-19T16:10:30.404+0000] {manager.py:878} INFO - 
================================================================================
DAG File Processing Stats

File Path                         PID    Runtime      # DAGs    # Errors  Last Runtime    Last Run
--------------------------------  -----  ---------  --------  ----------  --------------  -------------------
/opt/airflow/dags/orchestrate.py                           1           0  0.08s           2026-04-19T16:10:01
================================================================================
[2026-04-19T16:11:00.521+0000] {manager.py:878} INFO - 
================================================================================
DAG File Processing Stats

File Path                         PID    Runtime      # DAGs    # Errors  Last Runtime    Last Run
--------------------------------  -----  ---------  --------  ----------  --------------  -------------------
/opt/airflow/dags/orchestrate.py                           1           0  0.08s           2026-04-19T16:10:31
================================================================================
[2026-04-19T16:11:06.112+0000] {manager.py:452} INFO - Exiting gracefully upon receiving signal 15
[2026-04-19T16:11:47.025+0000] {manager.py:470} INFO - Processing files using up to 2 processes at a time 
[2026-04-19T16:11:47.025+0000] {manager.py:471} INFO - Process each file at most once every 30 seconds
[2026-04-19T16:11:47.025+0000] {manager.py:472} INFO - Checking for new files in /opt/airflow/dags every 300 seconds
[2026-04-19T16:11:47.025+0000] {manager.py:737} INFO - Searching for files in /opt/airflow/dags
[2026-04-19T16:11:47.026+0000] {manager.py:740} INFO - There are 1 files in /opt/airflow/dags
[2026-04-19T16:11:47.107+0000] {manager.py:878} INFO - 
================================================================================
DAG File Processing Stats

File Path                           PID  Runtime      # DAGs    # Errors  Last Runtime    Last Run
--------------------------------  -----  ---------  --------  ----------  --------------  ----------
/opt/airflow/dags/orchestrate.py    168  0.03s             0           0
================================================================================
[2026-04-19T16:12:17.175+0000] {manager.py:878} INFO - 
================================================================================
DAG File Processing Stats

File Path                         PID    Runtime      # DAGs    # Errors  Last Runtime    Last Run
--------------------------------  -----  ---------  --------  ----------  --------------  -------------------
/opt/airflow/dags/orchestrate.py                           1           0  0.11s           2026-04-19T16:11:47
================================================================================
[2026-04-19T16:12:47.330+0000] {manager.py:878} INFO - 
================================================================================
DAG File Processing Stats

File Path                         PID    Runtime      # DAGs    # Errors  Last Runtime    Last Run
--------------------------------  -----  ---------  --------  ----------  --------------  -------------------
/opt/airflow/dags/orchestrate.py                           1           0  0.38s           2026-04-19T16:12:17
================================================================================
[2026-04-19T16:13:17.778+0000] {manager.py:878} INFO - 
================================================================================
DAG File Processing Stats

File Path                         PID    Runtime      # DAGs    # Errors  Last Runtime    Last Run
--------------------------------  -----  ---------  --------  ----------  --------------  -------------------
/opt/airflow/dags/orchestrate.py                           1           0  0.08s           2026-04-19T16:12:47
================================================================================
[2026-04-19T16:13:47.929+0000] {manager.py:878} INFO - 
================================================================================
DAG File Processing Stats

File Path                         PID    Runtime      # DAGs    # Errors  Last Runtime    Last Run
--------------------------------  -----  ---------  --------  ----------  --------------  -------------------
/opt/airflow/dags/orchestrate.py                           1           0  0.08s           2026-04-19T16:13:17
================================================================================
[2026-04-19T16:14:18.072+0000] {manager.py:878} INFO - 
================================================================================
DAG File Processing Stats

File Path                         PID    Runtime      # DAGs    # Errors  Last Runtime    Last Run
--------------------------------  -----  ---------  --------  ----------  --------------  -------------------
/opt/airflow/dags/orchestrate.py                           1           0  0.08s           2026-04-19T16:13:48
================================================================================
[2026-04-19T16:14:47.815+0000] {manager.py:452} INFO - Exiting gracefully upon receiving signal 15
[2026-04-19T16:15:20.185+0000] {manager.py:470} INFO - Processing files using up to 2 processes at a time 
[2026-04-19T16:15:20.186+0000] {manager.py:471} INFO - Process each file at most once every 30 seconds
[2026-04-19T16:15:20.186+0000] {manager.py:472} INFO - Checking for new files in /opt/airflow/dags every 300 seconds
[2026-04-19T16:15:20.186+0000] {manager.py:737} INFO - Searching for files in /opt/airflow/dags
[2026-04-19T16:15:20.187+0000] {manager.py:740} INFO - There are 1 files in /opt/airflow/dags
[2026-04-19T16:15:20.265+0000] {manager.py:878} INFO - 
================================================================================
DAG File Processing Stats

File Path                           PID  Runtime      # DAGs    # Errors  Last Runtime    Last Run
--------------------------------  -----  ---------  --------  ----------  --------------  ----------
/opt/airflow/dags/orchestrate.py    168  0.03s             0           0
================================================================================
[2026-04-19T16:15:50.343+0000] {manager.py:878} INFO - 
================================================================================
DAG File Processing Stats

File Path                         PID    Runtime      # DAGs    # Errors  Last Runtime    Last Run
--------------------------------  -----  ---------  --------  ----------  --------------  -------------------
/opt/airflow/dags/orchestrate.py                           1           0  0.11s           2026-04-19T16:15:20
================================================================================
[2026-04-19T16:16:20.485+0000] {manager.py:878} INFO - 
================================================================================
DAG File Processing Stats

File Path                         PID    Runtime      # DAGs    # Errors  Last Runtime    Last Run
--------------------------------  -----  ---------  --------  ----------  --------------  -------------------
/opt/airflow/dags/orchestrate.py                           1           0  0.61s           2026-04-19T16:15:51
================================================================================
[2026-04-19T16:16:51.186+0000] {manager.py:878} INFO - 
================================================================================
DAG File Processing Stats

File Path                           PID  Runtime      # DAGs    # Errors  Last Runtime    Last Run
--------------------------------  -----  ---------  --------  ----------  --------------  -------------------
/opt/airflow/dags/orchestrate.py    200  0.01s             1           0  0.08s           2026-04-19T16:16:21
================================================================================
[2026-04-19T16:17:21.325+0000] {manager.py:878} INFO - 
================================================================================
DAG File Processing Stats

File Path                           PID  Runtime      # DAGs    # Errors  Last Runtime    Last Run
--------------------------------  -----  ---------  --------  ----------  --------------  -------------------
/opt/airflow/dags/orchestrate.py    205  0.01s             1           0  0.08s           2026-04-19T16:16:51
================================================================================
[2026-04-19T16:17:51.410+0000] {manager.py:878} INFO - 
================================================================================
DAG File Processing Stats

File Path                           PID  Runtime      # DAGs    # Errors  Last Runtime    Last Run
--------------------------------  -----  ---------  --------  ----------  --------------  -------------------
/opt/airflow/dags/orchestrate.py    210  0.01s             1           0  0.08s           2026-04-19T16:17:21
================================================================================
[2026-04-19T16:18:21.552+0000] {manager.py:878} INFO - 
================================================================================
DAG File Processing Stats

File Path                           PID  Runtime      # DAGs    # Errors  Last Runtime    Last Run
--------------------------------  -----  ---------  --------  ----------  --------------  -------------------
/opt/airflow/dags/orchestrate.py    215  0.01s             1           0  0.08s           2026-04-19T16:17:51
================================================================================
[2026-04-19T16:18:51.636+0000] {manager.py:878} INFO - 
================================================================================
DAG File Processing Stats

File Path                         PID    Runtime      # DAGs    # Errors  Last Runtime    Last Run
--------------------------------  -----  ---------  --------  ----------  --------------  -------------------
/opt/airflow/dags/orchestrate.py                           1           0  0.10s           2026-04-19T16:18:21
================================================================================
[2026-04-19T16:19:21.805+0000] {manager.py:878} INFO - 
================================================================================
DAG File Processing Stats

File Path                           PID  Runtime      # DAGs    # Errors  Last Runtime    Last Run
--------------------------------  -----  ---------  --------  ----------  --------------  -------------------
/opt/airflow/dags/orchestrate.py    225  0.01s             1           0  0.08s           2026-04-19T16:18:51
================================================================================
[2026-04-19T16:19:51.946+0000] {manager.py:878} INFO - 
================================================================================
DAG File Processing Stats

File Path                           PID  Runtime      # DAGs    # Errors  Last Runtime    Last Run
--------------------------------  -----  ---------  --------  ----------  --------------  -------------------
/opt/airflow/dags/orchestrate.py    230  0.01s             1           0  0.13s           2026-04-19T16:19:21
================================================================================
[2026-04-19T16:19:53.960+0000] {manager.py:452} INFO - Exiting gracefully upon receiving signal 15
[2026-04-19T16:23:37.434+0000] {manager.py:470} INFO - Processing files using up to 2 processes at a time 
[2026-04-19T16:23:37.435+0000] {manager.py:471} INFO - Process each file at most once every 30 seconds
[2026-04-19T16:23:37.436+0000] {manager.py:472} INFO - Checking for new files in /opt/airflow/dags every 300 seconds
[2026-04-19T16:23:37.436+0000] {manager.py:737} INFO - Searching for files in /opt/airflow/dags
[2026-04-19T16:23:37.437+0000] {manager.py:740} INFO - There are 1 files in /opt/airflow/dags
[2026-04-19T16:23:37.504+0000] {manager.py:878} INFO - 
================================================================================
DAG File Processing Stats

File Path                           PID  Runtime      # DAGs    # Errors  Last Runtime    Last Run
--------------------------------  -----  ---------  --------  ----------  --------------  ----------
/opt/airflow/dags/orchestrate.py    168  0.03s             0           0
================================================================================
[2026-04-19T16:24:07.577+0000] {manager.py:878} INFO - 
================================================================================
DAG File Processing Stats

File Path                         PID    Runtime      # DAGs    # Errors  Last Runtime    Last Run
--------------------------------  -----  ---------  --------  ----------  --------------  -------------------
/opt/airflow/dags/orchestrate.py                           1           0  0.10s           2026-04-19T16:23:37
================================================================================
[2026-04-19T16:24:37.697+0000] {manager.py:878} INFO - 
================================================================================
DAG File Processing Stats

File Path                         PID    Runtime      # DAGs    # Errors  Last Runtime    Last Run
--------------------------------  -----  ---------  --------  ----------  --------------  -------------------
/opt/airflow/dags/orchestrate.py                           1           0  0.32s           2026-04-19T16:24:07
================================================================================
[2026-04-19T16:25:08.083+0000] {manager.py:878} INFO - 
================================================================================
DAG File Processing Stats

File Path                         PID    Runtime      # DAGs    # Errors  Last Runtime    Last Run
--------------------------------  -----  ---------  --------  ----------  --------------  -------------------
/opt/airflow/dags/orchestrate.py                           1           0  0.08s           2026-04-19T16:24:38
================================================================================
[2026-04-19T16:25:38.211+0000] {manager.py:878} INFO - 
================================================================================
DAG File Processing Stats

File Path                         PID    Runtime      # DAGs    # Errors  Last Runtime    Last Run
--------------------------------  -----  ---------  --------  ----------  --------------  -------------------
/opt/airflow/dags/orchestrate.py                           1           0  0.07s           2026-04-19T16:25:08
================================================================================
[2026-04-19T16:26:00.832+0000] {manager.py:452} INFO - Exiting gracefully upon receiving signal 15
