[2026-04-19T16:00:45.378+0000] {local_task_job_runner.py:120} INFO - ::group::Pre task execution logs
[2026-04-19T16:00:45.408+0000] {taskinstance.py:2076} INFO - Dependencies all met for dep_context=non-requeueable deps ti=<TaskInstance: orchestrate_ingestion.run_ingestion manual__2026-04-19T16:00:44.242109+00:00 [queued]>
[2026-04-19T16:00:45.414+0000] {taskinstance.py:2076} INFO - Dependencies all met for dep_context=requeueable deps ti=<TaskInstance: orchestrate_ingestion.run_ingestion manual__2026-04-19T16:00:44.242109+00:00 [queued]>
[2026-04-19T16:00:45.414+0000] {taskinstance.py:2306} INFO - Starting attempt 1 of 1
[2026-04-19T16:00:45.426+0000] {taskinstance.py:2330} INFO - Executing <Task(BashOperator): run_ingestion> on 2026-04-19 16:00:44.242109+00:00
[2026-04-19T16:00:45.434+0000] {standard_task_runner.py:90} INFO - Running: ['airflow', 'tasks', 'run', 'orchestrate_ingestion', 'run_ingestion', 'manual__2026-04-19T16:00:44.242109+00:00', '--job-id', '3', '--raw', '--subdir', 'DAGS_FOLDER/orchestrate.py', '--cfg-path', '/tmp/tmpz9nlw521']
[2026-04-19T16:00:45.436+0000] {standard_task_runner.py:91} INFO - Job 3: Subtask run_ingestion
[2026-04-19T16:00:45.437+0000] {logging_mixin.py:188} WARNING - /home/airflow/.local/lib/python3.12/site-packages/airflow/task/task_runner/standard_task_runner.py:62 DeprecationWarning: This process (pid=175) is multi-threaded, use of fork() may lead to deadlocks in the child.
[2026-04-19T16:00:45.437+0000] {standard_task_runner.py:64} INFO - Started process 176 to run task
[2026-04-19T16:00:45.479+0000] {task_command.py:426} INFO - Running <TaskInstance: orchestrate_ingestion.run_ingestion manual__2026-04-19T16:00:44.242109+00:00 [running]> on host 5a502d49d2ac
[2026-04-19T16:00:45.555+0000] {taskinstance.py:2648} INFO - Exporting env vars: AIRFLOW_CTX_DAG_OWNER='airflow' AIRFLOW_CTX_DAG_ID='orchestrate_ingestion' AIRFLOW_CTX_TASK_ID='run_ingestion' AIRFLOW_CTX_EXECUTION_DATE='2026-04-19T16:00:44.242109+00:00' AIRFLOW_CTX_TRY_NUMBER='1' AIRFLOW_CTX_DAG_RUN_ID='manual__2026-04-19T16:00:44.242109+00:00'
[2026-04-19T16:00:45.556+0000] {taskinstance.py:430} INFO - ::endgroup::
[2026-04-19T16:00:45.565+0000] {subprocess.py:63} INFO - Tmp dir root location: /tmp
[2026-04-19T16:00:45.566+0000] {subprocess.py:75} INFO - Running command: ['/usr/bin/bash', '-c', 'python /opt/app/src/ingestion/ingestion.py']
[2026-04-19T16:00:45.579+0000] {subprocess.py:86} INFO - Output:
[2026-04-19T16:00:47.448+0000] {subprocess.py:93} INFO - 
[2026-04-19T16:00:47.449+0000] {subprocess.py:93} INFO - 0. Bibliotecas e variáveis de ambiente importadas com sucesso...
[2026-04-19T16:00:47.449+0000] {subprocess.py:93} INFO - 
[2026-04-19T16:00:47.449+0000] {subprocess.py:93} INFO - 1. Autenticação na plataforma Kaggle realizada com sucesso...
[2026-04-19T16:00:47.449+0000] {subprocess.py:93} INFO - Dataset URL: https://www.kaggle.com/datasets/irs/individual-income-tax-statistics
[2026-04-19T16:00:47.449+0000] {subprocess.py:93} INFO - 
[2026-04-19T16:00:47.450+0000] {subprocess.py:93} INFO - 2. Erro durante a captura dos arquivos do sistema origem: [Errno 13] Permission denied: '/opt/app/data'
[2026-04-19T16:00:47.450+0000] {subprocess.py:93} INFO - Traceback (most recent call last):
[2026-04-19T16:00:47.450+0000] {subprocess.py:93} INFO -   File "/opt/app/src/ingestion/ingestion.py", line 531, in <module>
[2026-04-19T16:00:47.450+0000] {subprocess.py:93} INFO -     main()
[2026-04-19T16:00:47.450+0000] {subprocess.py:93} INFO -   File "/opt/app/src/ingestion/ingestion.py", line 521, in main
[2026-04-19T16:00:47.450+0000] {subprocess.py:93} INFO -     filter_required_file(fromPath = from_path, toPath = to_path)
[2026-04-19T16:00:47.450+0000] {subprocess.py:93} INFO -   File "/opt/app/src/ingestion/ingestion.py", line 40, in filter_required_file
[2026-04-19T16:00:47.450+0000] {subprocess.py:93} INFO -     files = os.listdir(fromPath)
[2026-04-19T16:00:47.450+0000] {subprocess.py:93} INFO -             ^^^^^^^^^^^^^^^^^^^^
[2026-04-19T16:00:47.450+0000] {subprocess.py:93} INFO - FileNotFoundError: [Errno 2] No such file or directory: '/opt/app/data/'
[2026-04-19T16:00:47.507+0000] {subprocess.py:97} INFO - Command exited with return code 1
[2026-04-19T16:00:47.507+0000] {taskinstance.py:441} INFO - ::group::Post task execution logs
[2026-04-19T16:00:47.516+0000] {taskinstance.py:2905} ERROR - Task failed with exception
Traceback (most recent call last):
  File "/home/airflow/.local/lib/python3.12/site-packages/airflow/models/taskinstance.py", line 465, in _execute_task
    result = _execute_callable(context=context, **execute_callable_kwargs)
             ^^^^^^^^^^^^^^^^^^^^^^^^^^^^^^^^^^^^^^^^^^^^^^^^^^^^^^^^^^^^^
  File "/home/airflow/.local/lib/python3.12/site-packages/airflow/models/taskinstance.py", line 432, in _execute_callable
    return execute_callable(context=context, **execute_callable_kwargs)
           ^^^^^^^^^^^^^^^^^^^^^^^^^^^^^^^^^^^^^^^^^^^^^^^^^^^^^^^^^^^^
  File "/home/airflow/.local/lib/python3.12/site-packages/airflow/models/baseoperator.py", line 401, in wrapper
    return func(self, *args, **kwargs)
           ^^^^^^^^^^^^^^^^^^^^^^^^^^^
  File "/home/airflow/.local/lib/python3.12/site-packages/airflow/operators/bash.py", line 243, in execute
    raise AirflowException(
airflow.exceptions.AirflowException: Bash command failed. The command returned a non-zero exit code 1.
[2026-04-19T16:00:47.521+0000] {taskinstance.py:1206} INFO - Marking task as FAILED. dag_id=orchestrate_ingestion, task_id=run_ingestion, run_id=manual__2026-04-19T16:00:44.242109+00:00, execution_date=20260419T160044, start_date=20260419T160045, end_date=20260419T160047
[2026-04-19T16:00:47.533+0000] {standard_task_runner.py:110} ERROR - Failed to execute job 3 for task run_ingestion (Bash command failed. The command returned a non-zero exit code 1.; 176)
[2026-04-19T16:00:47.574+0000] {local_task_job_runner.py:243} INFO - Task exited with return code 1
[2026-04-19T16:00:47.589+0000] {taskinstance.py:3503} INFO - 0 downstream tasks scheduled from follow-on schedule check
[2026-04-19T16:00:47.593+0000] {local_task_job_runner.py:222} INFO - ::endgroup::
