[2026-04-19T16:00:15.342+0000] {processor.py:161} INFO - Started process (PID=168) to work on /opt/airflow/dags/orchestrate.py
[2026-04-19T16:00:15.343+0000] {processor.py:830} INFO - Processing file /opt/airflow/dags/orchestrate.py for tasks to queue
[2026-04-19T16:00:15.345+0000] {logging_mixin.py:188} INFO - [2026-04-19T16:00:15.344+0000] {dagbag.py:545} INFO - Filling up the DagBag from /opt/airflow/dags/orchestrate.py
[2026-04-19T16:00:15.458+0000] {processor.py:840} INFO - DAG(s) 'orchestrate_ingestion' retrieved from /opt/airflow/dags/orchestrate.py
[2026-04-19T16:00:16.483+0000] {logging_mixin.py:188} INFO - [2026-04-19T16:00:16.483+0000] {override.py:1858} INFO - Created Permission View: can delete on DAG:orchestrate_ingestion
[2026-04-19T16:00:16.496+0000] {logging_mixin.py:188} INFO - [2026-04-19T16:00:16.496+0000] {override.py:1858} INFO - Created Permission View: can read on DAG:orchestrate_ingestion
[2026-04-19T16:00:16.524+0000] {logging_mixin.py:188} INFO - [2026-04-19T16:00:16.523+0000] {override.py:1858} INFO - Created Permission View: can edit on DAG:orchestrate_ingestion
[2026-04-19T16:00:16.524+0000] {logging_mixin.py:188} INFO - [2026-04-19T16:00:16.524+0000] {dag.py:3089} INFO - Sync 1 DAGs
[2026-04-19T16:00:16.535+0000] {logging_mixin.py:188} INFO - [2026-04-19T16:00:16.535+0000] {dag.py:3111} INFO - Creating ORM DAG for orchestrate_ingestion
[2026-04-19T16:00:16.536+0000] {logging_mixin.py:188} INFO - [2026-04-19T16:00:16.536+0000] {dag.py:3947} INFO - Setting next_dagrun for orchestrate_ingestion to None, run_after=None
[2026-04-19T16:00:16.555+0000] {processor.py:183} INFO - Processing /opt/airflow/dags/orchestrate.py took 1.217 seconds
[2026-04-19T16:00:46.655+0000] {processor.py:161} INFO - Started process (PID=189) to work on /opt/airflow/dags/orchestrate.py
[2026-04-19T16:00:46.656+0000] {processor.py:830} INFO - Processing file /opt/airflow/dags/orchestrate.py for tasks to queue
[2026-04-19T16:00:46.658+0000] {logging_mixin.py:188} INFO - [2026-04-19T16:00:46.658+0000] {dagbag.py:545} INFO - Filling up the DagBag from /opt/airflow/dags/orchestrate.py
[2026-04-19T16:00:46.665+0000] {processor.py:840} INFO - DAG(s) 'orchestrate_ingestion' retrieved from /opt/airflow/dags/orchestrate.py
[2026-04-19T16:00:46.692+0000] {logging_mixin.py:188} INFO - [2026-04-19T16:00:46.692+0000] {dag.py:3089} INFO - Sync 1 DAGs
[2026-04-19T16:00:46.701+0000] {logging_mixin.py:188} INFO - [2026-04-19T16:00:46.701+0000] {dag.py:3947} INFO - Setting next_dagrun for orchestrate_ingestion to None, run_after=None
[2026-04-19T16:00:46.714+0000] {processor.py:183} INFO - Processing /opt/airflow/dags/orchestrate.py took 0.065 seconds
[2026-04-19T16:01:16.804+0000] {processor.py:161} INFO - Started process (PID=202) to work on /opt/airflow/dags/orchestrate.py
[2026-04-19T16:01:16.805+0000] {processor.py:830} INFO - Processing file /opt/airflow/dags/orchestrate.py for tasks to queue
[2026-04-19T16:01:16.806+0000] {logging_mixin.py:188} INFO - [2026-04-19T16:01:16.806+0000] {dagbag.py:545} INFO - Filling up the DagBag from /opt/airflow/dags/orchestrate.py
[2026-04-19T16:01:16.814+0000] {processor.py:840} INFO - DAG(s) 'orchestrate_ingestion' retrieved from /opt/airflow/dags/orchestrate.py
[2026-04-19T16:01:16.840+0000] {logging_mixin.py:188} INFO - [2026-04-19T16:01:16.839+0000] {dag.py:3089} INFO - Sync 1 DAGs
[2026-04-19T16:01:16.850+0000] {logging_mixin.py:188} INFO - [2026-04-19T16:01:16.850+0000] {dag.py:3947} INFO - Setting next_dagrun for orchestrate_ingestion to None, run_after=None
[2026-04-19T16:01:16.864+0000] {processor.py:183} INFO - Processing /opt/airflow/dags/orchestrate.py took 0.065 seconds
[2026-04-19T16:01:46.948+0000] {processor.py:161} INFO - Started process (PID=207) to work on /opt/airflow/dags/orchestrate.py
[2026-04-19T16:01:46.949+0000] {processor.py:830} INFO - Processing file /opt/airflow/dags/orchestrate.py for tasks to queue
[2026-04-19T16:01:46.950+0000] {logging_mixin.py:188} INFO - [2026-04-19T16:01:46.950+0000] {dagbag.py:545} INFO - Filling up the DagBag from /opt/airflow/dags/orchestrate.py
[2026-04-19T16:01:46.957+0000] {processor.py:840} INFO - DAG(s) 'orchestrate_ingestion' retrieved from /opt/airflow/dags/orchestrate.py
[2026-04-19T16:01:46.985+0000] {logging_mixin.py:188} INFO - [2026-04-19T16:01:46.984+0000] {dag.py:3089} INFO - Sync 1 DAGs
[2026-04-19T16:01:46.998+0000] {logging_mixin.py:188} INFO - [2026-04-19T16:01:46.998+0000] {dag.py:3947} INFO - Setting next_dagrun for orchestrate_ingestion to None, run_after=None
[2026-04-19T16:01:47.015+0000] {processor.py:183} INFO - Processing /opt/airflow/dags/orchestrate.py took 0.072 seconds
[2026-04-19T16:02:17.107+0000] {processor.py:161} INFO - Started process (PID=212) to work on /opt/airflow/dags/orchestrate.py
[2026-04-19T16:02:17.108+0000] {processor.py:830} INFO - Processing file /opt/airflow/dags/orchestrate.py for tasks to queue
[2026-04-19T16:02:17.110+0000] {logging_mixin.py:188} INFO - [2026-04-19T16:02:17.110+0000] {dagbag.py:545} INFO - Filling up the DagBag from /opt/airflow/dags/orchestrate.py
[2026-04-19T16:02:17.118+0000] {processor.py:840} INFO - DAG(s) 'orchestrate_ingestion' retrieved from /opt/airflow/dags/orchestrate.py
[2026-04-19T16:02:17.145+0000] {logging_mixin.py:188} INFO - [2026-04-19T16:02:17.145+0000] {dag.py:3089} INFO - Sync 1 DAGs
[2026-04-19T16:02:17.156+0000] {logging_mixin.py:188} INFO - [2026-04-19T16:02:17.156+0000] {dag.py:3947} INFO - Setting next_dagrun for orchestrate_ingestion to None, run_after=None
[2026-04-19T16:02:17.169+0000] {processor.py:183} INFO - Processing /opt/airflow/dags/orchestrate.py took 0.067 seconds
[2026-04-19T16:02:47.195+0000] {processor.py:161} INFO - Started process (PID=219) to work on /opt/airflow/dags/orchestrate.py
[2026-04-19T16:02:47.195+0000] {processor.py:830} INFO - Processing file /opt/airflow/dags/orchestrate.py for tasks to queue
[2026-04-19T16:02:47.196+0000] {logging_mixin.py:188} INFO - [2026-04-19T16:02:47.196+0000] {dagbag.py:545} INFO - Filling up the DagBag from /opt/airflow/dags/orchestrate.py
[2026-04-19T16:02:47.205+0000] {processor.py:840} INFO - DAG(s) 'orchestrate_ingestion' retrieved from /opt/airflow/dags/orchestrate.py
[2026-04-19T16:02:47.228+0000] {logging_mixin.py:188} INFO - [2026-04-19T16:02:47.228+0000] {dag.py:3089} INFO - Sync 1 DAGs
[2026-04-19T16:02:47.240+0000] {logging_mixin.py:188} INFO - [2026-04-19T16:02:47.239+0000] {dag.py:3947} INFO - Setting next_dagrun for orchestrate_ingestion to None, run_after=None
[2026-04-19T16:02:47.254+0000] {processor.py:183} INFO - Processing /opt/airflow/dags/orchestrate.py took 0.064 seconds
[2026-04-19T16:03:17.338+0000] {processor.py:161} INFO - Started process (PID=226) to work on /opt/airflow/dags/orchestrate.py
[2026-04-19T16:03:17.339+0000] {processor.py:830} INFO - Processing file /opt/airflow/dags/orchestrate.py for tasks to queue
[2026-04-19T16:03:17.340+0000] {logging_mixin.py:188} INFO - [2026-04-19T16:03:17.340+0000] {dagbag.py:545} INFO - Filling up the DagBag from /opt/airflow/dags/orchestrate.py
[2026-04-19T16:03:17.347+0000] {processor.py:840} INFO - DAG(s) 'orchestrate_ingestion' retrieved from /opt/airflow/dags/orchestrate.py
[2026-04-19T16:03:17.371+0000] {logging_mixin.py:188} INFO - [2026-04-19T16:03:17.371+0000] {dag.py:3089} INFO - Sync 1 DAGs
[2026-04-19T16:03:17.380+0000] {logging_mixin.py:188} INFO - [2026-04-19T16:03:17.380+0000] {dag.py:3947} INFO - Setting next_dagrun for orchestrate_ingestion to None, run_after=None
[2026-04-19T16:03:17.394+0000] {processor.py:183} INFO - Processing /opt/airflow/dags/orchestrate.py took 0.060 seconds
[2026-04-19T16:03:47.430+0000] {processor.py:161} INFO - Started process (PID=231) to work on /opt/airflow/dags/orchestrate.py
[2026-04-19T16:03:47.478+0000] {processor.py:830} INFO - Processing file /opt/airflow/dags/orchestrate.py for tasks to queue
[2026-04-19T16:03:47.480+0000] {logging_mixin.py:188} INFO - [2026-04-19T16:03:47.480+0000] {dagbag.py:545} INFO - Filling up the DagBag from /opt/airflow/dags/orchestrate.py
[2026-04-19T16:03:47.488+0000] {processor.py:840} INFO - DAG(s) 'orchestrate_ingestion' retrieved from /opt/airflow/dags/orchestrate.py
[2026-04-19T16:03:47.512+0000] {logging_mixin.py:188} INFO - [2026-04-19T16:03:47.512+0000] {dag.py:3089} INFO - Sync 1 DAGs
[2026-04-19T16:03:47.523+0000] {logging_mixin.py:188} INFO - [2026-04-19T16:03:47.523+0000] {dag.py:3947} INFO - Setting next_dagrun for orchestrate_ingestion to None, run_after=None
[2026-04-19T16:03:47.594+0000] {processor.py:183} INFO - Processing /opt/airflow/dags/orchestrate.py took 0.168 seconds
[2026-04-19T16:04:17.681+0000] {processor.py:161} INFO - Started process (PID=236) to work on /opt/airflow/dags/orchestrate.py
[2026-04-19T16:04:17.682+0000] {processor.py:830} INFO - Processing file /opt/airflow/dags/orchestrate.py for tasks to queue
[2026-04-19T16:04:17.683+0000] {logging_mixin.py:188} INFO - [2026-04-19T16:04:17.683+0000] {dagbag.py:545} INFO - Filling up the DagBag from /opt/airflow/dags/orchestrate.py
[2026-04-19T16:04:17.690+0000] {processor.py:840} INFO - DAG(s) 'orchestrate_ingestion' retrieved from /opt/airflow/dags/orchestrate.py
[2026-04-19T16:04:17.715+0000] {logging_mixin.py:188} INFO - [2026-04-19T16:04:17.715+0000] {dag.py:3089} INFO - Sync 1 DAGs
[2026-04-19T16:04:17.724+0000] {logging_mixin.py:188} INFO - [2026-04-19T16:04:17.724+0000] {dag.py:3947} INFO - Setting next_dagrun for orchestrate_ingestion to None, run_after=None
[2026-04-19T16:04:17.738+0000] {processor.py:183} INFO - Processing /opt/airflow/dags/orchestrate.py took 0.063 seconds
[2026-04-19T16:04:47.905+0000] {processor.py:161} INFO - Started process (PID=241) to work on /opt/airflow/dags/orchestrate.py
[2026-04-19T16:04:47.914+0000] {processor.py:830} INFO - Processing file /opt/airflow/dags/orchestrate.py for tasks to queue
[2026-04-19T16:04:47.915+0000] {logging_mixin.py:188} INFO - [2026-04-19T16:04:47.915+0000] {dagbag.py:545} INFO - Filling up the DagBag from /opt/airflow/dags/orchestrate.py
[2026-04-19T16:04:47.922+0000] {processor.py:840} INFO - DAG(s) 'orchestrate_ingestion' retrieved from /opt/airflow/dags/orchestrate.py
[2026-04-19T16:04:47.999+0000] {logging_mixin.py:188} INFO - [2026-04-19T16:04:47.999+0000] {dag.py:3089} INFO - Sync 1 DAGs
[2026-04-19T16:04:48.010+0000] {logging_mixin.py:188} INFO - [2026-04-19T16:04:48.010+0000] {dag.py:3947} INFO - Setting next_dagrun for orchestrate_ingestion to None, run_after=None
[2026-04-19T16:04:48.195+0000] {processor.py:183} INFO - Processing /opt/airflow/dags/orchestrate.py took 0.294 seconds
[2026-04-19T16:05:39.644+0000] {processor.py:161} INFO - Started process (PID=168) to work on /opt/airflow/dags/orchestrate.py
[2026-04-19T16:05:39.647+0000] {processor.py:830} INFO - Processing file /opt/airflow/dags/orchestrate.py for tasks to queue
[2026-04-19T16:05:39.648+0000] {logging_mixin.py:188} INFO - [2026-04-19T16:05:39.648+0000] {dagbag.py:545} INFO - Filling up the DagBag from /opt/airflow/dags/orchestrate.py
[2026-04-19T16:05:39.775+0000] {processor.py:840} INFO - DAG(s) 'orchestrate_ingestion' retrieved from /opt/airflow/dags/orchestrate.py
[2026-04-19T16:05:39.810+0000] {logging_mixin.py:188} INFO - [2026-04-19T16:05:39.810+0000] {dag.py:3089} INFO - Sync 1 DAGs
[2026-04-19T16:05:39.825+0000] {logging_mixin.py:188} INFO - [2026-04-19T16:05:39.825+0000] {dag.py:3947} INFO - Setting next_dagrun for orchestrate_ingestion to None, run_after=None
[2026-04-19T16:05:39.843+0000] {processor.py:183} INFO - Processing /opt/airflow/dags/orchestrate.py took 0.203 seconds
[2026-04-19T16:06:09.931+0000] {processor.py:161} INFO - Started process (PID=173) to work on /opt/airflow/dags/orchestrate.py
[2026-04-19T16:06:09.932+0000] {processor.py:830} INFO - Processing file /opt/airflow/dags/orchestrate.py for tasks to queue
[2026-04-19T16:06:09.933+0000] {logging_mixin.py:188} INFO - [2026-04-19T16:06:09.933+0000] {dagbag.py:545} INFO - Filling up the DagBag from /opt/airflow/dags/orchestrate.py
[2026-04-19T16:06:09.941+0000] {processor.py:840} INFO - DAG(s) 'orchestrate_ingestion' retrieved from /opt/airflow/dags/orchestrate.py
[2026-04-19T16:06:10.237+0000] {logging_mixin.py:188} INFO - [2026-04-19T16:06:10.236+0000] {dag.py:3089} INFO - Sync 1 DAGs
[2026-04-19T16:06:10.245+0000] {logging_mixin.py:188} INFO - [2026-04-19T16:06:10.245+0000] {dag.py:3947} INFO - Setting next_dagrun for orchestrate_ingestion to None, run_after=None
[2026-04-19T16:06:10.257+0000] {processor.py:183} INFO - Processing /opt/airflow/dags/orchestrate.py took 0.330 seconds
[2026-04-19T16:06:40.358+0000] {processor.py:161} INFO - Started process (PID=195) to work on /opt/airflow/dags/orchestrate.py
[2026-04-19T16:06:40.359+0000] {processor.py:830} INFO - Processing file /opt/airflow/dags/orchestrate.py for tasks to queue
[2026-04-19T16:06:40.360+0000] {logging_mixin.py:188} INFO - [2026-04-19T16:06:40.360+0000] {dagbag.py:545} INFO - Filling up the DagBag from /opt/airflow/dags/orchestrate.py
[2026-04-19T16:06:40.366+0000] {processor.py:840} INFO - DAG(s) 'orchestrate_ingestion' retrieved from /opt/airflow/dags/orchestrate.py
[2026-04-19T16:06:40.391+0000] {logging_mixin.py:188} INFO - [2026-04-19T16:06:40.391+0000] {dag.py:3089} INFO - Sync 1 DAGs
[2026-04-19T16:06:40.400+0000] {logging_mixin.py:188} INFO - [2026-04-19T16:06:40.400+0000] {dag.py:3947} INFO - Setting next_dagrun for orchestrate_ingestion to None, run_after=None
[2026-04-19T16:06:40.413+0000] {processor.py:183} INFO - Processing /opt/airflow/dags/orchestrate.py took 0.060 seconds
[2026-04-19T16:07:10.452+0000] {processor.py:161} INFO - Started process (PID=200) to work on /opt/airflow/dags/orchestrate.py
[2026-04-19T16:07:10.453+0000] {processor.py:830} INFO - Processing file /opt/airflow/dags/orchestrate.py for tasks to queue
[2026-04-19T16:07:10.454+0000] {logging_mixin.py:188} INFO - [2026-04-19T16:07:10.454+0000] {dagbag.py:545} INFO - Filling up the DagBag from /opt/airflow/dags/orchestrate.py
[2026-04-19T16:07:10.461+0000] {processor.py:840} INFO - DAG(s) 'orchestrate_ingestion' retrieved from /opt/airflow/dags/orchestrate.py
[2026-04-19T16:07:10.485+0000] {logging_mixin.py:188} INFO - [2026-04-19T16:07:10.485+0000] {dag.py:3089} INFO - Sync 1 DAGs
[2026-04-19T16:07:10.493+0000] {logging_mixin.py:188} INFO - [2026-04-19T16:07:10.493+0000] {dag.py:3947} INFO - Setting next_dagrun for orchestrate_ingestion to None, run_after=None
[2026-04-19T16:07:10.508+0000] {processor.py:183} INFO - Processing /opt/airflow/dags/orchestrate.py took 0.060 seconds
[2026-04-19T16:07:59.848+0000] {processor.py:161} INFO - Started process (PID=168) to work on /opt/airflow/dags/orchestrate.py
[2026-04-19T16:07:59.849+0000] {processor.py:830} INFO - Processing file /opt/airflow/dags/orchestrate.py for tasks to queue
[2026-04-19T16:07:59.850+0000] {logging_mixin.py:188} INFO - [2026-04-19T16:07:59.850+0000] {dagbag.py:545} INFO - Filling up the DagBag from /opt/airflow/dags/orchestrate.py
[2026-04-19T16:07:59.887+0000] {processor.py:840} INFO - DAG(s) 'orchestrate_ingestion' retrieved from /opt/airflow/dags/orchestrate.py
[2026-04-19T16:07:59.910+0000] {logging_mixin.py:188} INFO - [2026-04-19T16:07:59.910+0000] {dag.py:3089} INFO - Sync 1 DAGs
[2026-04-19T16:07:59.920+0000] {logging_mixin.py:188} INFO - [2026-04-19T16:07:59.920+0000] {dag.py:3947} INFO - Setting next_dagrun for orchestrate_ingestion to None, run_after=None
[2026-04-19T16:07:59.937+0000] {processor.py:183} INFO - Processing /opt/airflow/dags/orchestrate.py took 0.093 seconds
[2026-04-19T16:08:30.016+0000] {processor.py:161} INFO - Started process (PID=173) to work on /opt/airflow/dags/orchestrate.py
[2026-04-19T16:08:30.016+0000] {processor.py:830} INFO - Processing file /opt/airflow/dags/orchestrate.py for tasks to queue
[2026-04-19T16:08:30.018+0000] {logging_mixin.py:188} INFO - [2026-04-19T16:08:30.018+0000] {dagbag.py:545} INFO - Filling up the DagBag from /opt/airflow/dags/orchestrate.py
[2026-04-19T16:08:30.026+0000] {processor.py:840} INFO - DAG(s) 'orchestrate_ingestion' retrieved from /opt/airflow/dags/orchestrate.py
[2026-04-19T16:08:30.990+0000] {logging_mixin.py:188} INFO - [2026-04-19T16:08:30.990+0000] {dag.py:3089} INFO - Sync 1 DAGs
[2026-04-19T16:08:30.998+0000] {logging_mixin.py:188} INFO - [2026-04-19T16:08:30.998+0000] {dag.py:3947} INFO - Setting next_dagrun for orchestrate_ingestion to None, run_after=None
[2026-04-19T16:08:31.037+0000] {processor.py:183} INFO - Processing /opt/airflow/dags/orchestrate.py took 1.027 seconds
[2026-04-19T16:09:01.094+0000] {processor.py:161} INFO - Started process (PID=178) to work on /opt/airflow/dags/orchestrate.py
[2026-04-19T16:09:01.095+0000] {processor.py:830} INFO - Processing file /opt/airflow/dags/orchestrate.py for tasks to queue
[2026-04-19T16:09:01.096+0000] {logging_mixin.py:188} INFO - [2026-04-19T16:09:01.096+0000] {dagbag.py:545} INFO - Filling up the DagBag from /opt/airflow/dags/orchestrate.py
[2026-04-19T16:09:01.103+0000] {processor.py:840} INFO - DAG(s) 'orchestrate_ingestion' retrieved from /opt/airflow/dags/orchestrate.py
[2026-04-19T16:09:01.127+0000] {logging_mixin.py:188} INFO - [2026-04-19T16:09:01.127+0000] {dag.py:3089} INFO - Sync 1 DAGs
[2026-04-19T16:09:01.136+0000] {logging_mixin.py:188} INFO - [2026-04-19T16:09:01.136+0000] {dag.py:3947} INFO - Setting next_dagrun for orchestrate_ingestion to None, run_after=None
[2026-04-19T16:09:01.151+0000] {processor.py:183} INFO - Processing /opt/airflow/dags/orchestrate.py took 0.061 seconds
[2026-04-19T16:09:31.191+0000] {processor.py:161} INFO - Started process (PID=183) to work on /opt/airflow/dags/orchestrate.py
[2026-04-19T16:09:31.192+0000] {processor.py:830} INFO - Processing file /opt/airflow/dags/orchestrate.py for tasks to queue
[2026-04-19T16:09:31.193+0000] {logging_mixin.py:188} INFO - [2026-04-19T16:09:31.193+0000] {dagbag.py:545} INFO - Filling up the DagBag from /opt/airflow/dags/orchestrate.py
[2026-04-19T16:09:31.201+0000] {processor.py:840} INFO - DAG(s) 'orchestrate_ingestion' retrieved from /opt/airflow/dags/orchestrate.py
[2026-04-19T16:09:31.230+0000] {logging_mixin.py:188} INFO - [2026-04-19T16:09:31.229+0000] {dag.py:3089} INFO - Sync 1 DAGs
[2026-04-19T16:09:31.242+0000] {logging_mixin.py:188} INFO - [2026-04-19T16:09:31.242+0000] {dag.py:3947} INFO - Setting next_dagrun for orchestrate_ingestion to None, run_after=None
[2026-04-19T16:09:31.256+0000] {processor.py:183} INFO - Processing /opt/airflow/dags/orchestrate.py took 0.071 seconds
[2026-04-19T16:10:01.319+0000] {processor.py:161} INFO - Started process (PID=188) to work on /opt/airflow/dags/orchestrate.py
[2026-04-19T16:10:01.320+0000] {processor.py:830} INFO - Processing file /opt/airflow/dags/orchestrate.py for tasks to queue
[2026-04-19T16:10:01.321+0000] {logging_mixin.py:188} INFO - [2026-04-19T16:10:01.320+0000] {dagbag.py:545} INFO - Filling up the DagBag from /opt/airflow/dags/orchestrate.py
[2026-04-19T16:10:01.327+0000] {processor.py:840} INFO - DAG(s) 'orchestrate_ingestion' retrieved from /opt/airflow/dags/orchestrate.py
[2026-04-19T16:10:01.350+0000] {logging_mixin.py:188} INFO - [2026-04-19T16:10:01.350+0000] {dag.py:3089} INFO - Sync 1 DAGs
[2026-04-19T16:10:01.360+0000] {logging_mixin.py:188} INFO - [2026-04-19T16:10:01.359+0000] {dag.py:3947} INFO - Setting next_dagrun for orchestrate_ingestion to None, run_after=None
[2026-04-19T16:10:01.371+0000] {processor.py:183} INFO - Processing /opt/airflow/dags/orchestrate.py took 0.057 seconds
[2026-04-19T16:10:31.422+0000] {processor.py:161} INFO - Started process (PID=210) to work on /opt/airflow/dags/orchestrate.py
[2026-04-19T16:10:31.423+0000] {processor.py:830} INFO - Processing file /opt/airflow/dags/orchestrate.py for tasks to queue
[2026-04-19T16:10:31.425+0000] {logging_mixin.py:188} INFO - [2026-04-19T16:10:31.424+0000] {dagbag.py:545} INFO - Filling up the DagBag from /opt/airflow/dags/orchestrate.py
[2026-04-19T16:10:31.432+0000] {processor.py:840} INFO - DAG(s) 'orchestrate_ingestion' retrieved from /opt/airflow/dags/orchestrate.py
[2026-04-19T16:10:31.456+0000] {logging_mixin.py:188} INFO - [2026-04-19T16:10:31.456+0000] {dag.py:3089} INFO - Sync 1 DAGs
[2026-04-19T16:10:31.466+0000] {logging_mixin.py:188} INFO - [2026-04-19T16:10:31.466+0000] {dag.py:3947} INFO - Setting next_dagrun for orchestrate_ingestion to None, run_after=None
[2026-04-19T16:10:31.478+0000] {processor.py:183} INFO - Processing /opt/airflow/dags/orchestrate.py took 0.062 seconds
[2026-04-19T16:11:01.538+0000] {processor.py:161} INFO - Started process (PID=215) to work on /opt/airflow/dags/orchestrate.py
[2026-04-19T16:11:01.538+0000] {processor.py:830} INFO - Processing file /opt/airflow/dags/orchestrate.py for tasks to queue
[2026-04-19T16:11:01.539+0000] {logging_mixin.py:188} INFO - [2026-04-19T16:11:01.539+0000] {dagbag.py:545} INFO - Filling up the DagBag from /opt/airflow/dags/orchestrate.py
[2026-04-19T16:11:01.546+0000] {processor.py:840} INFO - DAG(s) 'orchestrate_ingestion' retrieved from /opt/airflow/dags/orchestrate.py
[2026-04-19T16:11:01.571+0000] {logging_mixin.py:188} INFO - [2026-04-19T16:11:01.571+0000] {dag.py:3089} INFO - Sync 1 DAGs
[2026-04-19T16:11:01.581+0000] {logging_mixin.py:188} INFO - [2026-04-19T16:11:01.580+0000] {dag.py:3947} INFO - Setting next_dagrun for orchestrate_ingestion to None, run_after=None
[2026-04-19T16:11:01.596+0000] {processor.py:183} INFO - Processing /opt/airflow/dags/orchestrate.py took 0.063 seconds
[2026-04-19T16:11:47.087+0000] {processor.py:161} INFO - Started process (PID=168) to work on /opt/airflow/dags/orchestrate.py
[2026-04-19T16:11:47.087+0000] {processor.py:830} INFO - Processing file /opt/airflow/dags/orchestrate.py for tasks to queue
[2026-04-19T16:11:47.089+0000] {logging_mixin.py:188} INFO - [2026-04-19T16:11:47.088+0000] {dagbag.py:545} INFO - Filling up the DagBag from /opt/airflow/dags/orchestrate.py
[2026-04-19T16:11:47.127+0000] {processor.py:840} INFO - DAG(s) 'orchestrate_ingestion' retrieved from /opt/airflow/dags/orchestrate.py
[2026-04-19T16:11:47.151+0000] {logging_mixin.py:188} INFO - [2026-04-19T16:11:47.151+0000] {dag.py:3089} INFO - Sync 1 DAGs
[2026-04-19T16:11:47.161+0000] {logging_mixin.py:188} INFO - [2026-04-19T16:11:47.161+0000] {dag.py:3947} INFO - Setting next_dagrun for orchestrate_ingestion to None, run_after=None
[2026-04-19T16:11:47.176+0000] {processor.py:183} INFO - Processing /opt/airflow/dags/orchestrate.py took 0.094 seconds
[2026-04-19T16:12:17.260+0000] {processor.py:161} INFO - Started process (PID=173) to work on /opt/airflow/dags/orchestrate.py
[2026-04-19T16:12:17.261+0000] {processor.py:830} INFO - Processing file /opt/airflow/dags/orchestrate.py for tasks to queue
[2026-04-19T16:12:17.262+0000] {logging_mixin.py:188} INFO - [2026-04-19T16:12:17.262+0000] {dagbag.py:545} INFO - Filling up the DagBag from /opt/airflow/dags/orchestrate.py
[2026-04-19T16:12:17.270+0000] {processor.py:840} INFO - DAG(s) 'orchestrate_ingestion' retrieved from /opt/airflow/dags/orchestrate.py
[2026-04-19T16:12:17.582+0000] {logging_mixin.py:188} INFO - [2026-04-19T16:12:17.582+0000] {dag.py:3089} INFO - Sync 1 DAGs
[2026-04-19T16:12:17.591+0000] {logging_mixin.py:188} INFO - [2026-04-19T16:12:17.591+0000] {dag.py:3947} INFO - Setting next_dagrun for orchestrate_ingestion to None, run_after=None
[2026-04-19T16:12:17.613+0000] {processor.py:183} INFO - Processing /opt/airflow/dags/orchestrate.py took 0.358 seconds
[2026-04-19T16:12:47.710+0000] {processor.py:161} INFO - Started process (PID=193) to work on /opt/airflow/dags/orchestrate.py
[2026-04-19T16:12:47.711+0000] {processor.py:830} INFO - Processing file /opt/airflow/dags/orchestrate.py for tasks to queue
[2026-04-19T16:12:47.712+0000] {logging_mixin.py:188} INFO - [2026-04-19T16:12:47.711+0000] {dagbag.py:545} INFO - Filling up the DagBag from /opt/airflow/dags/orchestrate.py
[2026-04-19T16:12:47.719+0000] {processor.py:840} INFO - DAG(s) 'orchestrate_ingestion' retrieved from /opt/airflow/dags/orchestrate.py
[2026-04-19T16:12:47.744+0000] {logging_mixin.py:188} INFO - [2026-04-19T16:12:47.744+0000] {dag.py:3089} INFO - Sync 1 DAGs
[2026-04-19T16:12:47.754+0000] {logging_mixin.py:188} INFO - [2026-04-19T16:12:47.754+0000] {dag.py:3947} INFO - Setting next_dagrun for orchestrate_ingestion to None, run_after=None
[2026-04-19T16:12:47.770+0000] {processor.py:183} INFO - Processing /opt/airflow/dags/orchestrate.py took 0.065 seconds
[2026-04-19T16:13:17.861+0000] {processor.py:161} INFO - Started process (PID=198) to work on /opt/airflow/dags/orchestrate.py
[2026-04-19T16:13:17.862+0000] {processor.py:830} INFO - Processing file /opt/airflow/dags/orchestrate.py for tasks to queue
[2026-04-19T16:13:17.863+0000] {logging_mixin.py:188} INFO - [2026-04-19T16:13:17.863+0000] {dagbag.py:545} INFO - Filling up the DagBag from /opt/airflow/dags/orchestrate.py
[2026-04-19T16:13:17.869+0000] {processor.py:840} INFO - DAG(s) 'orchestrate_ingestion' retrieved from /opt/airflow/dags/orchestrate.py
[2026-04-19T16:13:17.894+0000] {logging_mixin.py:188} INFO - [2026-04-19T16:13:17.894+0000] {dag.py:3089} INFO - Sync 1 DAGs
[2026-04-19T16:13:17.903+0000] {logging_mixin.py:188} INFO - [2026-04-19T16:13:17.902+0000] {dag.py:3947} INFO - Setting next_dagrun for orchestrate_ingestion to None, run_after=None
[2026-04-19T16:13:17.922+0000] {processor.py:183} INFO - Processing /opt/airflow/dags/orchestrate.py took 0.065 seconds
[2026-04-19T16:13:48.011+0000] {processor.py:161} INFO - Started process (PID=203) to work on /opt/airflow/dags/orchestrate.py
[2026-04-19T16:13:48.012+0000] {processor.py:830} INFO - Processing file /opt/airflow/dags/orchestrate.py for tasks to queue
[2026-04-19T16:13:48.013+0000] {logging_mixin.py:188} INFO - [2026-04-19T16:13:48.013+0000] {dagbag.py:545} INFO - Filling up the DagBag from /opt/airflow/dags/orchestrate.py
[2026-04-19T16:13:48.020+0000] {processor.py:840} INFO - DAG(s) 'orchestrate_ingestion' retrieved from /opt/airflow/dags/orchestrate.py
[2026-04-19T16:13:48.043+0000] {logging_mixin.py:188} INFO - [2026-04-19T16:13:48.043+0000] {dag.py:3089} INFO - Sync 1 DAGs
[2026-04-19T16:13:48.053+0000] {logging_mixin.py:188} INFO - [2026-04-19T16:13:48.052+0000] {dag.py:3947} INFO - Setting next_dagrun for orchestrate_ingestion to None, run_after=None
[2026-04-19T16:13:48.069+0000] {processor.py:183} INFO - Processing /opt/airflow/dags/orchestrate.py took 0.062 seconds
[2026-04-19T16:14:18.154+0000] {processor.py:161} INFO - Started process (PID=208) to work on /opt/airflow/dags/orchestrate.py
[2026-04-19T16:14:18.154+0000] {processor.py:830} INFO - Processing file /opt/airflow/dags/orchestrate.py for tasks to queue
[2026-04-19T16:14:18.155+0000] {logging_mixin.py:188} INFO - [2026-04-19T16:14:18.155+0000] {dagbag.py:545} INFO - Filling up the DagBag from /opt/airflow/dags/orchestrate.py
[2026-04-19T16:14:18.161+0000] {processor.py:840} INFO - DAG(s) 'orchestrate_ingestion' retrieved from /opt/airflow/dags/orchestrate.py
[2026-04-19T16:14:18.185+0000] {logging_mixin.py:188} INFO - [2026-04-19T16:14:18.185+0000] {dag.py:3089} INFO - Sync 1 DAGs
[2026-04-19T16:14:18.193+0000] {logging_mixin.py:188} INFO - [2026-04-19T16:14:18.193+0000] {dag.py:3947} INFO - Setting next_dagrun for orchestrate_ingestion to None, run_after=None
[2026-04-19T16:14:18.209+0000] {processor.py:183} INFO - Processing /opt/airflow/dags/orchestrate.py took 0.060 seconds
[2026-04-19T16:15:20.245+0000] {processor.py:161} INFO - Started process (PID=168) to work on /opt/airflow/dags/orchestrate.py
[2026-04-19T16:15:20.246+0000] {processor.py:830} INFO - Processing file /opt/airflow/dags/orchestrate.py for tasks to queue
[2026-04-19T16:15:20.248+0000] {logging_mixin.py:188} INFO - [2026-04-19T16:15:20.247+0000] {dagbag.py:545} INFO - Filling up the DagBag from /opt/airflow/dags/orchestrate.py
[2026-04-19T16:15:20.282+0000] {processor.py:840} INFO - DAG(s) 'orchestrate_ingestion' retrieved from /opt/airflow/dags/orchestrate.py
[2026-04-19T16:15:20.305+0000] {logging_mixin.py:188} INFO - [2026-04-19T16:15:20.305+0000] {dag.py:3089} INFO - Sync 1 DAGs
[2026-04-19T16:15:20.316+0000] {logging_mixin.py:188} INFO - [2026-04-19T16:15:20.316+0000] {dag.py:3947} INFO - Setting next_dagrun for orchestrate_ingestion to None, run_after=None
[2026-04-19T16:15:20.334+0000] {processor.py:183} INFO - Processing /opt/airflow/dags/orchestrate.py took 0.093 seconds
[2026-04-19T16:15:50.425+0000] {processor.py:161} INFO - Started process (PID=173) to work on /opt/airflow/dags/orchestrate.py
[2026-04-19T16:15:50.426+0000] {processor.py:830} INFO - Processing file /opt/airflow/dags/orchestrate.py for tasks to queue
[2026-04-19T16:15:50.427+0000] {logging_mixin.py:188} INFO - [2026-04-19T16:15:50.426+0000] {dagbag.py:545} INFO - Filling up the DagBag from /opt/airflow/dags/orchestrate.py
[2026-04-19T16:15:50.434+0000] {processor.py:840} INFO - DAG(s) 'orchestrate_ingestion' retrieved from /opt/airflow/dags/orchestrate.py
[2026-04-19T16:15:50.928+0000] {logging_mixin.py:188} INFO - [2026-04-19T16:15:50.928+0000] {dag.py:3089} INFO - Sync 1 DAGs
[2026-04-19T16:15:50.935+0000] {logging_mixin.py:188} INFO - [2026-04-19T16:15:50.935+0000] {dag.py:3947} INFO - Setting next_dagrun for orchestrate_ingestion to None, run_after=None
[2026-04-19T16:15:51.011+0000] {processor.py:183} INFO - Processing /opt/airflow/dags/orchestrate.py took 0.590 seconds
[2026-04-19T16:16:21.107+0000] {processor.py:161} INFO - Started process (PID=195) to work on /opt/airflow/dags/orchestrate.py
[2026-04-19T16:16:21.108+0000] {processor.py:830} INFO - Processing file /opt/airflow/dags/orchestrate.py for tasks to queue
[2026-04-19T16:16:21.109+0000] {logging_mixin.py:188} INFO - [2026-04-19T16:16:21.109+0000] {dagbag.py:545} INFO - Filling up the DagBag from /opt/airflow/dags/orchestrate.py
[2026-04-19T16:16:21.117+0000] {processor.py:840} INFO - DAG(s) 'orchestrate_ingestion' retrieved from /opt/airflow/dags/orchestrate.py
[2026-04-19T16:16:21.142+0000] {logging_mixin.py:188} INFO - [2026-04-19T16:16:21.141+0000] {dag.py:3089} INFO - Sync 1 DAGs
[2026-04-19T16:16:21.153+0000] {logging_mixin.py:188} INFO - [2026-04-19T16:16:21.152+0000] {dag.py:3947} INFO - Setting next_dagrun for orchestrate_ingestion to None, run_after=None
[2026-04-19T16:16:21.165+0000] {processor.py:183} INFO - Processing /opt/airflow/dags/orchestrate.py took 0.063 seconds
[2026-04-19T16:16:51.193+0000] {processor.py:161} INFO - Started process (PID=200) to work on /opt/airflow/dags/orchestrate.py
[2026-04-19T16:16:51.193+0000] {processor.py:830} INFO - Processing file /opt/airflow/dags/orchestrate.py for tasks to queue
[2026-04-19T16:16:51.194+0000] {logging_mixin.py:188} INFO - [2026-04-19T16:16:51.194+0000] {dagbag.py:545} INFO - Filling up the DagBag from /opt/airflow/dags/orchestrate.py
[2026-04-19T16:16:51.201+0000] {processor.py:840} INFO - DAG(s) 'orchestrate_ingestion' retrieved from /opt/airflow/dags/orchestrate.py
[2026-04-19T16:16:51.226+0000] {logging_mixin.py:188} INFO - [2026-04-19T16:16:51.226+0000] {dag.py:3089} INFO - Sync 1 DAGs
[2026-04-19T16:16:51.236+0000] {logging_mixin.py:188} INFO - [2026-04-19T16:16:51.236+0000] {dag.py:3947} INFO - Setting next_dagrun for orchestrate_ingestion to None, run_after=None
[2026-04-19T16:16:51.251+0000] {processor.py:183} INFO - Processing /opt/airflow/dags/orchestrate.py took 0.063 seconds
[2026-04-19T16:17:21.332+0000] {processor.py:161} INFO - Started process (PID=205) to work on /opt/airflow/dags/orchestrate.py
[2026-04-19T16:17:21.332+0000] {processor.py:830} INFO - Processing file /opt/airflow/dags/orchestrate.py for tasks to queue
[2026-04-19T16:17:21.333+0000] {logging_mixin.py:188} INFO - [2026-04-19T16:17:21.333+0000] {dagbag.py:545} INFO - Filling up the DagBag from /opt/airflow/dags/orchestrate.py
[2026-04-19T16:17:21.339+0000] {processor.py:840} INFO - DAG(s) 'orchestrate_ingestion' retrieved from /opt/airflow/dags/orchestrate.py
[2026-04-19T16:17:21.362+0000] {logging_mixin.py:188} INFO - [2026-04-19T16:17:21.362+0000] {dag.py:3089} INFO - Sync 1 DAGs
[2026-04-19T16:17:21.372+0000] {logging_mixin.py:188} INFO - [2026-04-19T16:17:21.372+0000] {dag.py:3947} INFO - Setting next_dagrun for orchestrate_ingestion to None, run_after=None
[2026-04-19T16:17:21.387+0000] {processor.py:183} INFO - Processing /opt/airflow/dags/orchestrate.py took 0.059 seconds
[2026-04-19T16:17:51.417+0000] {processor.py:161} INFO - Started process (PID=210) to work on /opt/airflow/dags/orchestrate.py
[2026-04-19T16:17:51.417+0000] {processor.py:830} INFO - Processing file /opt/airflow/dags/orchestrate.py for tasks to queue
[2026-04-19T16:17:51.418+0000] {logging_mixin.py:188} INFO - [2026-04-19T16:17:51.418+0000] {dagbag.py:545} INFO - Filling up the DagBag from /opt/airflow/dags/orchestrate.py
[2026-04-19T16:17:51.425+0000] {processor.py:840} INFO - DAG(s) 'orchestrate_ingestion' retrieved from /opt/airflow/dags/orchestrate.py
[2026-04-19T16:17:51.450+0000] {logging_mixin.py:188} INFO - [2026-04-19T16:17:51.449+0000] {dag.py:3089} INFO - Sync 1 DAGs
[2026-04-19T16:17:51.459+0000] {logging_mixin.py:188} INFO - [2026-04-19T16:17:51.458+0000] {dag.py:3947} INFO - Setting next_dagrun for orchestrate_ingestion to None, run_after=None
[2026-04-19T16:17:51.474+0000] {processor.py:183} INFO - Processing /opt/airflow/dags/orchestrate.py took 0.062 seconds
[2026-04-19T16:18:21.560+0000] {processor.py:161} INFO - Started process (PID=215) to work on /opt/airflow/dags/orchestrate.py
[2026-04-19T16:18:21.561+0000] {processor.py:830} INFO - Processing file /opt/airflow/dags/orchestrate.py for tasks to queue
[2026-04-19T16:18:21.563+0000] {logging_mixin.py:188} INFO - [2026-04-19T16:18:21.562+0000] {dagbag.py:545} INFO - Filling up the DagBag from /opt/airflow/dags/orchestrate.py
[2026-04-19T16:18:21.570+0000] {processor.py:840} INFO - DAG(s) 'orchestrate_ingestion' retrieved from /opt/airflow/dags/orchestrate.py
[2026-04-19T16:18:21.594+0000] {logging_mixin.py:188} INFO - [2026-04-19T16:18:21.594+0000] {dag.py:3089} INFO - Sync 1 DAGs
[2026-04-19T16:18:21.605+0000] {logging_mixin.py:188} INFO - [2026-04-19T16:18:21.604+0000] {dag.py:3947} INFO - Setting next_dagrun for orchestrate_ingestion to None, run_after=None
[2026-04-19T16:18:21.630+0000] {processor.py:183} INFO - Processing /opt/airflow/dags/orchestrate.py took 0.075 seconds
[2026-04-19T16:18:51.726+0000] {processor.py:161} INFO - Started process (PID=220) to work on /opt/airflow/dags/orchestrate.py
[2026-04-19T16:18:51.727+0000] {processor.py:830} INFO - Processing file /opt/airflow/dags/orchestrate.py for tasks to queue
[2026-04-19T16:18:51.728+0000] {logging_mixin.py:188} INFO - [2026-04-19T16:18:51.728+0000] {dagbag.py:545} INFO - Filling up the DagBag from /opt/airflow/dags/orchestrate.py
[2026-04-19T16:18:51.735+0000] {processor.py:840} INFO - DAG(s) 'orchestrate_ingestion' retrieved from /opt/airflow/dags/orchestrate.py
[2026-04-19T16:18:51.759+0000] {logging_mixin.py:188} INFO - [2026-04-19T16:18:51.759+0000] {dag.py:3089} INFO - Sync 1 DAGs
[2026-04-19T16:18:51.768+0000] {logging_mixin.py:188} INFO - [2026-04-19T16:18:51.767+0000] {dag.py:3947} INFO - Setting next_dagrun for orchestrate_ingestion to None, run_after=None
[2026-04-19T16:18:51.781+0000] {processor.py:183} INFO - Processing /opt/airflow/dags/orchestrate.py took 0.059 seconds
[2026-04-19T16:19:21.812+0000] {processor.py:161} INFO - Started process (PID=225) to work on /opt/airflow/dags/orchestrate.py
[2026-04-19T16:19:21.813+0000] {processor.py:830} INFO - Processing file /opt/airflow/dags/orchestrate.py for tasks to queue
[2026-04-19T16:19:21.815+0000] {logging_mixin.py:188} INFO - [2026-04-19T16:19:21.814+0000] {dagbag.py:545} INFO - Filling up the DagBag from /opt/airflow/dags/orchestrate.py
[2026-04-19T16:19:21.823+0000] {processor.py:840} INFO - DAG(s) 'orchestrate_ingestion' retrieved from /opt/airflow/dags/orchestrate.py
[2026-04-19T16:19:21.846+0000] {logging_mixin.py:188} INFO - [2026-04-19T16:19:21.846+0000] {dag.py:3089} INFO - Sync 1 DAGs
[2026-04-19T16:19:21.857+0000] {logging_mixin.py:188} INFO - [2026-04-19T16:19:21.857+0000] {dag.py:3947} INFO - Setting next_dagrun for orchestrate_ingestion to None, run_after=None
[2026-04-19T16:19:21.917+0000] {processor.py:183} INFO - Processing /opt/airflow/dags/orchestrate.py took 0.109 seconds
[2026-04-19T16:19:51.953+0000] {processor.py:161} INFO - Started process (PID=230) to work on /opt/airflow/dags/orchestrate.py
[2026-04-19T16:19:51.953+0000] {processor.py:830} INFO - Processing file /opt/airflow/dags/orchestrate.py for tasks to queue
[2026-04-19T16:19:51.955+0000] {logging_mixin.py:188} INFO - [2026-04-19T16:19:51.954+0000] {dagbag.py:545} INFO - Filling up the DagBag from /opt/airflow/dags/orchestrate.py
[2026-04-19T16:19:51.962+0000] {processor.py:840} INFO - DAG(s) 'orchestrate_ingestion' retrieved from /opt/airflow/dags/orchestrate.py
[2026-04-19T16:19:51.987+0000] {logging_mixin.py:188} INFO - [2026-04-19T16:19:51.987+0000] {dag.py:3089} INFO - Sync 1 DAGs
[2026-04-19T16:19:51.995+0000] {logging_mixin.py:188} INFO - [2026-04-19T16:19:51.995+0000] {dag.py:3947} INFO - Setting next_dagrun for orchestrate_ingestion to None, run_after=None
[2026-04-19T16:19:52.008+0000] {processor.py:183} INFO - Processing /opt/airflow/dags/orchestrate.py took 0.059 seconds
[2026-04-19T16:23:37.489+0000] {processor.py:161} INFO - Started process (PID=168) to work on /opt/airflow/dags/orchestrate.py
[2026-04-19T16:23:37.489+0000] {processor.py:830} INFO - Processing file /opt/airflow/dags/orchestrate.py for tasks to queue
[2026-04-19T16:23:37.490+0000] {logging_mixin.py:188} INFO - [2026-04-19T16:23:37.490+0000] {dagbag.py:545} INFO - Filling up the DagBag from /opt/airflow/dags/orchestrate.py
[2026-04-19T16:23:37.525+0000] {processor.py:840} INFO - DAG(s) 'orchestrate_ingestion' retrieved from /opt/airflow/dags/orchestrate.py
[2026-04-19T16:23:37.545+0000] {logging_mixin.py:188} INFO - [2026-04-19T16:23:37.545+0000] {dag.py:3089} INFO - Sync 1 DAGs
[2026-04-19T16:23:37.555+0000] {logging_mixin.py:188} INFO - [2026-04-19T16:23:37.555+0000] {dag.py:3947} INFO - Setting next_dagrun for orchestrate_ingestion to None, run_after=None
[2026-04-19T16:23:37.568+0000] {processor.py:183} INFO - Processing /opt/airflow/dags/orchestrate.py took 0.083 seconds
[2026-04-19T16:24:07.637+0000] {processor.py:161} INFO - Started process (PID=173) to work on /opt/airflow/dags/orchestrate.py
[2026-04-19T16:24:07.638+0000] {processor.py:830} INFO - Processing file /opt/airflow/dags/orchestrate.py for tasks to queue
[2026-04-19T16:24:07.639+0000] {logging_mixin.py:188} INFO - [2026-04-19T16:24:07.638+0000] {dagbag.py:545} INFO - Filling up the DagBag from /opt/airflow/dags/orchestrate.py
[2026-04-19T16:24:07.644+0000] {processor.py:840} INFO - DAG(s) 'orchestrate_ingestion' retrieved from /opt/airflow/dags/orchestrate.py
[2026-04-19T16:24:07.914+0000] {logging_mixin.py:188} INFO - [2026-04-19T16:24:07.914+0000] {dag.py:3089} INFO - Sync 1 DAGs
[2026-04-19T16:24:07.921+0000] {logging_mixin.py:188} INFO - [2026-04-19T16:24:07.921+0000] {dag.py:3947} INFO - Setting next_dagrun for orchestrate_ingestion to None, run_after=None
[2026-04-19T16:24:07.933+0000] {processor.py:183} INFO - Processing /opt/airflow/dags/orchestrate.py took 0.299 seconds
[2026-04-19T16:24:38.023+0000] {processor.py:161} INFO - Started process (PID=195) to work on /opt/airflow/dags/orchestrate.py
[2026-04-19T16:24:38.024+0000] {processor.py:830} INFO - Processing file /opt/airflow/dags/orchestrate.py for tasks to queue
[2026-04-19T16:24:38.025+0000] {logging_mixin.py:188} INFO - [2026-04-19T16:24:38.025+0000] {dagbag.py:545} INFO - Filling up the DagBag from /opt/airflow/dags/orchestrate.py
[2026-04-19T16:24:38.032+0000] {processor.py:840} INFO - DAG(s) 'orchestrate_ingestion' retrieved from /opt/airflow/dags/orchestrate.py
[2026-04-19T16:24:38.054+0000] {logging_mixin.py:188} INFO - [2026-04-19T16:24:38.054+0000] {dag.py:3089} INFO - Sync 1 DAGs
[2026-04-19T16:24:38.062+0000] {logging_mixin.py:188} INFO - [2026-04-19T16:24:38.062+0000] {dag.py:3947} INFO - Setting next_dagrun for orchestrate_ingestion to None, run_after=None
[2026-04-19T16:24:38.076+0000] {processor.py:183} INFO - Processing /opt/airflow/dags/orchestrate.py took 0.057 seconds
[2026-04-19T16:25:08.153+0000] {processor.py:161} INFO - Started process (PID=289) to work on /opt/airflow/dags/orchestrate.py
[2026-04-19T16:25:08.153+0000] {processor.py:830} INFO - Processing file /opt/airflow/dags/orchestrate.py for tasks to queue
[2026-04-19T16:25:08.154+0000] {logging_mixin.py:188} INFO - [2026-04-19T16:25:08.154+0000] {dagbag.py:545} INFO - Filling up the DagBag from /opt/airflow/dags/orchestrate.py
[2026-04-19T16:25:08.161+0000] {processor.py:840} INFO - DAG(s) 'orchestrate_ingestion' retrieved from /opt/airflow/dags/orchestrate.py
[2026-04-19T16:25:08.182+0000] {logging_mixin.py:188} INFO - [2026-04-19T16:25:08.182+0000] {dag.py:3089} INFO - Sync 1 DAGs
[2026-04-19T16:25:08.191+0000] {logging_mixin.py:188} INFO - [2026-04-19T16:25:08.191+0000] {dag.py:3947} INFO - Setting next_dagrun for orchestrate_ingestion to None, run_after=None
[2026-04-19T16:25:08.204+0000] {processor.py:183} INFO - Processing /opt/airflow/dags/orchestrate.py took 0.056 seconds
[2026-04-19T16:25:38.281+0000] {processor.py:161} INFO - Started process (PID=294) to work on /opt/airflow/dags/orchestrate.py
[2026-04-19T16:25:38.282+0000] {processor.py:830} INFO - Processing file /opt/airflow/dags/orchestrate.py for tasks to queue
[2026-04-19T16:25:38.283+0000] {logging_mixin.py:188} INFO - [2026-04-19T16:25:38.282+0000] {dagbag.py:545} INFO - Filling up the DagBag from /opt/airflow/dags/orchestrate.py
[2026-04-19T16:25:38.289+0000] {processor.py:840} INFO - DAG(s) 'orchestrate_ingestion' retrieved from /opt/airflow/dags/orchestrate.py
[2026-04-19T16:25:38.309+0000] {logging_mixin.py:188} INFO - [2026-04-19T16:25:38.309+0000] {dag.py:3089} INFO - Sync 1 DAGs
[2026-04-19T16:25:38.318+0000] {logging_mixin.py:188} INFO - [2026-04-19T16:25:38.318+0000] {dag.py:3947} INFO - Setting next_dagrun for orchestrate_ingestion to None, run_after=None
[2026-04-19T16:25:38.330+0000] {processor.py:183} INFO - Processing /opt/airflow/dags/orchestrate.py took 0.053 seconds
