[2026-04-19T16:12:29.434+0000] {local_task_job_runner.py:120} INFO - ::group::Pre task execution logs
[2026-04-19T16:12:29.463+0000] {taskinstance.py:2076} INFO - Dependencies all met for dep_context=non-requeueable deps ti=<TaskInstance: orchestrate_ingestion.run_ingestion manual__2026-04-19T16:10:16.113840+00:00 [queued]>
[2026-04-19T16:12:29.469+0000] {taskinstance.py:2076} INFO - Dependencies all met for dep_context=requeueable deps ti=<TaskInstance: orchestrate_ingestion.run_ingestion manual__2026-04-19T16:10:16.113840+00:00 [queued]>
[2026-04-19T16:12:29.470+0000] {taskinstance.py:2306} INFO - Starting attempt 2 of 2
[2026-04-19T16:12:29.479+0000] {taskinstance.py:2330} INFO - Executing <Task(BashOperator): run_ingestion> on 2026-04-19 16:10:16.113840+00:00
[2026-04-19T16:12:29.487+0000] {standard_task_runner.py:90} INFO - Running: ['airflow', 'tasks', 'run', 'orchestrate_ingestion', 'run_ingestion', 'manual__2026-04-19T16:10:16.113840+00:00', '--job-id', '11', '--raw', '--subdir', 'DAGS_FOLDER/orchestrate.py', '--cfg-path', '/tmp/tmp6aaeqlru']
[2026-04-19T16:12:29.489+0000] {standard_task_runner.py:91} INFO - Job 11: Subtask run_ingestion
[2026-04-19T16:12:29.489+0000] {logging_mixin.py:188} WARNING - /home/airflow/.local/lib/python3.12/site-packages/airflow/task/task_runner/standard_task_runner.py:62 DeprecationWarning: This process (pid=178) is multi-threaded, use of fork() may lead to deadlocks in the child.
[2026-04-19T16:12:29.490+0000] {standard_task_runner.py:64} INFO - Started process 179 to run task
[2026-04-19T16:12:29.530+0000] {task_command.py:426} INFO - Running <TaskInstance: orchestrate_ingestion.run_ingestion manual__2026-04-19T16:10:16.113840+00:00 [running]> on host d38083c38099
[2026-04-19T16:12:29.609+0000] {taskinstance.py:2648} INFO - Exporting env vars: AIRFLOW_CTX_DAG_OWNER='airflow' AIRFLOW_CTX_DAG_ID='orchestrate_ingestion' AIRFLOW_CTX_TASK_ID='run_ingestion' AIRFLOW_CTX_EXECUTION_DATE='2026-04-19T16:10:16.113840+00:00' AIRFLOW_CTX_TRY_NUMBER='2' AIRFLOW_CTX_DAG_RUN_ID='manual__2026-04-19T16:10:16.113840+00:00'
[2026-04-19T16:12:29.609+0000] {taskinstance.py:430} INFO - ::endgroup::
[2026-04-19T16:12:29.638+0000] {subprocess.py:63} INFO - Tmp dir root location: /tmp
[2026-04-19T16:12:29.639+0000] {subprocess.py:75} INFO - Running command: ['/usr/bin/bash', '-c', 'python /opt/app/src/ingestion/ingestion.py']
[2026-04-19T16:12:29.654+0000] {subprocess.py:86} INFO - Output:
[2026-04-19T16:12:33.614+0000] {subprocess.py:93} INFO - 
[2026-04-19T16:12:33.614+0000] {subprocess.py:93} INFO - 0. Bibliotecas e variáveis de ambiente importadas com sucesso...
[2026-04-19T16:12:33.614+0000] {subprocess.py:93} INFO - 
[2026-04-19T16:12:33.614+0000] {subprocess.py:93} INFO - 1. Autenticação na plataforma Kaggle realizada com sucesso...
[2026-04-19T16:12:33.615+0000] {subprocess.py:93} INFO - Dataset URL: https://www.kaggle.com/datasets/irs/individual-income-tax-statistics
[2026-04-19T16:12:33.615+0000] {subprocess.py:93} INFO - 
[2026-04-19T16:12:33.615+0000] {subprocess.py:93} INFO - 2. Erro durante a captura dos arquivos do sistema origem: [Errno 13] Permission denied: '/opt/app/data/individual-income-tax-statistics.zip'
[2026-04-19T16:12:33.615+0000] {subprocess.py:93} INFO - Traceback (most recent call last):
[2026-04-19T16:12:33.615+0000] {subprocess.py:93} INFO -   File "/opt/app/src/ingestion/ingestion.py", line 531, in <module>
[2026-04-19T16:12:33.615+0000] {subprocess.py:93} INFO -     main()
[2026-04-19T16:12:33.615+0000] {subprocess.py:93} INFO -   File "/opt/app/src/ingestion/ingestion.py", line 521, in main
[2026-04-19T16:12:33.615+0000] {subprocess.py:93} INFO -     filter_required_file(fromPath = from_path, toPath = to_path)
[2026-04-19T16:12:33.616+0000] {subprocess.py:93} INFO -   File "/opt/app/src/ingestion/ingestion.py", line 58, in filter_required_file
[2026-04-19T16:12:33.616+0000] {subprocess.py:93} INFO -     print(f"\n3. Arquivo '{toFilePath.split('/')[-1]}' armazenado no diretório '{toPath}' com sucesso...")
[2026-04-19T16:12:33.616+0000] {subprocess.py:93} INFO -                            ^^^^^^^^^^
[2026-04-19T16:12:33.616+0000] {subprocess.py:93} INFO - UnboundLocalError: cannot access local variable 'toFilePath' where it is not associated with a value
[2026-04-19T16:12:33.675+0000] {subprocess.py:97} INFO - Command exited with return code 1
[2026-04-19T16:12:33.676+0000] {taskinstance.py:441} INFO - ::group::Post task execution logs
[2026-04-19T16:12:33.686+0000] {taskinstance.py:2905} ERROR - Task failed with exception
Traceback (most recent call last):
  File "/home/airflow/.local/lib/python3.12/site-packages/airflow/models/taskinstance.py", line 465, in _execute_task
    result = _execute_callable(context=context, **execute_callable_kwargs)
             ^^^^^^^^^^^^^^^^^^^^^^^^^^^^^^^^^^^^^^^^^^^^^^^^^^^^^^^^^^^^^
  File "/home/airflow/.local/lib/python3.12/site-packages/airflow/models/taskinstance.py", line 432, in _execute_callable
    return execute_callable(context=context, **execute_callable_kwargs)
           ^^^^^^^^^^^^^^^^^^^^^^^^^^^^^^^^^^^^^^^^^^^^^^^^^^^^^^^^^^^^
  File "/home/airflow/.local/lib/python3.12/site-packages/airflow/models/baseoperator.py", line 401, in wrapper
    return func(self, *args, **kwargs)
           ^^^^^^^^^^^^^^^^^^^^^^^^^^^
  File "/home/airflow/.local/lib/python3.12/site-packages/airflow/operators/bash.py", line 243, in execute
    raise AirflowException(
airflow.exceptions.AirflowException: Bash command failed. The command returned a non-zero exit code 1.
[2026-04-19T16:12:33.690+0000] {taskinstance.py:1206} INFO - Marking task as FAILED. dag_id=orchestrate_ingestion, task_id=run_ingestion, run_id=manual__2026-04-19T16:10:16.113840+00:00, execution_date=20260419T161016, start_date=20260419T161229, end_date=20260419T161233
[2026-04-19T16:12:33.703+0000] {standard_task_runner.py:110} ERROR - Failed to execute job 11 for task run_ingestion (Bash command failed. The command returned a non-zero exit code 1.; 179)
[2026-04-19T16:12:33.752+0000] {local_task_job_runner.py:243} INFO - Task exited with return code 1
[2026-04-19T16:12:33.767+0000] {taskinstance.py:3503} INFO - 0 downstream tasks scheduled from follow-on schedule check
[2026-04-19T16:12:33.769+0000] {local_task_job_runner.py:222} INFO - ::endgroup::
